2026-01-22 12:03:57,599 — INFO — Adding job tentatively -- it will be properly scheduled when the scheduler starts
2026-01-22 12:03:57,599 — INFO — Adding job tentatively -- it will be properly scheduled when the scheduler starts
2026-01-22 12:03:57,599 — INFO — ======================================================================
2026-01-22 12:03:57,599 — INFO — 🚀 Starting NFL Sports Prediction INFERENCE Scheduler...
2026-01-22 12:03:57,600 — INFO — ℹ️  Running in PREDICTION-ONLY mode (No Model Training)
2026-01-22 12:03:57,600 — INFO — 📝 Logs will be written to: /home/root495/Inexture/nfl-sport-prediction/backend/logs/scheduler_inference.log
2026-01-22 12:03:57,600 — INFO — ======================================================================
2026-01-22 12:03:57,600 — INFO — ⏳ Scheduler started. Pipeline runs weekly on Wednesday at 12:00 AM with 5-minute intervals between each step.
2026-01-22 12:03:57,600 — INFO — 📅 Predictions for entire year will be generated annually on August 1st at 12:00 AM.
2026-01-22 12:03:57,600 — INFO — 🔄 Match results will be updated after Step 5 completes (or after Step 6 on August 1st).
2026-01-22 12:03:57,600 — INFO — 🔮 Future predictions will be updated 5 minutes after Step 7 completes.
2026-01-22 12:03:57,601 — INFO — 🔄 Inference Scheduler is running. Press Ctrl+C to stop gracefully.
2026-01-22 12:03:57,601 — INFO — 🔄 Starting scheduler...
2026-01-22 12:03:57,601 — INFO — Added job "Step 1: Data Load (Daily)" to job store "default"
2026-01-22 12:03:57,601 — INFO — Added job "Step 6: Generate Weekly Predictions (August 1st)" to job store "default"
2026-01-22 12:03:57,601 — INFO — Scheduler started
2026-01-22 12:03:57,602 — INFO — ✅ Inference Scheduler started successfully!
2026-01-22 12:03:57,602 — INFO — ⚠️  Test mode detected (SKIP_SCHEDULER_LOOP=1) - skipping infinite loop
2026-01-22 12:05:43,622 — INFO — Adding job tentatively -- it will be properly scheduled when the scheduler starts
2026-01-22 12:05:43,622 — INFO — Adding job tentatively -- it will be properly scheduled when the scheduler starts
2026-01-22 12:05:43,622 — INFO — ======================================================================
2026-01-22 12:05:43,622 — INFO — 🚀 Starting NFL Sports Prediction INFERENCE Scheduler...
2026-01-22 12:05:43,622 — INFO — ℹ️  Running in PREDICTION-ONLY mode (No Model Training)
2026-01-22 12:05:43,623 — INFO — 📝 Logs will be written to: /home/root495/Inexture/nfl-sport-prediction/backend/logs/scheduler_inference.log
2026-01-22 12:05:43,623 — INFO — ======================================================================
2026-01-22 12:05:43,623 — INFO — ⏳ Scheduler started. Pipeline runs weekly on Wednesday at 12:00 AM with 5-minute intervals between each step.
2026-01-22 12:05:43,623 — INFO — 📅 Predictions for entire year will be generated annually on August 1st at 12:00 AM.
2026-01-22 12:05:43,623 — INFO — 🔄 Match results will be updated after Step 5 completes (or after Step 6 on August 1st).
2026-01-22 12:05:43,623 — INFO — 🔮 Future predictions will be updated 5 minutes after Step 7 completes.
2026-01-22 12:05:43,623 — INFO — 🔄 Inference Scheduler is running. Press Ctrl+C to stop gracefully.
2026-01-22 12:05:43,623 — INFO — 🔄 Starting scheduler...
2026-01-22 12:05:43,623 — INFO — Added job "Step 1: Data Load (Daily)" to job store "default"
2026-01-22 12:05:43,623 — INFO — Added job "Step 6: Generate Weekly Predictions (August 1st)" to job store "default"
2026-01-22 12:05:43,623 — INFO — Scheduler started
2026-01-22 12:05:43,624 — INFO — ✅ Inference Scheduler started successfully!
2026-01-22 12:05:43,624 — INFO — 🔄 Scheduler is running. Press Ctrl+C to stop the scheduler...
2026-01-22 12:05:43,624 — INFO — 📊 Waiting for scheduled jobs to execute...
2026-01-22 12:05:43,624 — INFO — 🔄 Entering infinite loop to keep scheduler alive...
2026-01-22 12:10:19,152 — INFO — ⚠️  Received SIGINT signal. Shutting down inference scheduler...
2026-01-22 12:10:19,153 — INFO — Scheduler has been shut down
2026-01-22 12:10:19,153 — INFO — ✅ Scheduler shutdown completed.
2026-01-22 12:10:19,153 — INFO — 👋 Exiting...
2026-01-22 12:10:22,885 — INFO — Adding job tentatively -- it will be properly scheduled when the scheduler starts
2026-01-22 12:10:22,885 — INFO — Adding job tentatively -- it will be properly scheduled when the scheduler starts
2026-01-22 12:10:22,885 — INFO — ======================================================================
2026-01-22 12:10:22,885 — INFO — 🚀 Starting NFL Sports Prediction INFERENCE Scheduler...
2026-01-22 12:10:22,885 — INFO — ℹ️  Running in PREDICTION-ONLY mode (No Model Training)
2026-01-22 12:10:22,886 — INFO — 📝 Logs will be written to: /home/root495/Inexture/nfl-sport-prediction/backend/logs/scheduler_inference.log
2026-01-22 12:10:22,886 — INFO — ======================================================================
2026-01-22 12:10:22,886 — INFO — ⏳ Scheduler started. Pipeline runs weekly on Wednesday at 12:00 AM with 5-minute intervals between each step.
2026-01-22 12:10:22,886 — INFO — 📅 Predictions for entire year will be generated annually on August 1st at 12:00 AM.
2026-01-22 12:10:22,886 — INFO — 🔄 Match results will be updated after Step 5 completes (or after Step 6 on August 1st).
2026-01-22 12:10:22,886 — INFO — 🔮 Future predictions will be updated 5 minutes after Step 7 completes.
2026-01-22 12:10:22,886 — INFO — 🔄 Inference Scheduler is running. Press Ctrl+C to stop gracefully.
2026-01-22 12:10:22,886 — INFO — 🔄 Starting scheduler...
2026-01-22 12:10:22,886 — INFO — Added job "Step 1: Data Load (Daily)" to job store "default"
2026-01-22 12:10:22,887 — INFO — Added job "Step 6: Generate Weekly Predictions (August 1st)" to job store "default"
2026-01-22 12:10:22,887 — INFO — Scheduler started
2026-01-22 12:10:22,887 — INFO — ✅ Inference Scheduler started successfully!
2026-01-22 12:10:22,887 — INFO — 🔄 Scheduler is running. Press Ctrl+C to stop the scheduler...
2026-01-22 12:10:22,887 — INFO — 📊 Waiting for scheduled jobs to execute...
2026-01-22 12:10:22,887 — INFO — 🔄 Entering infinite loop to keep scheduler alive...
2026-01-22 12:11:00,000 — INFO — Running job "Step 1: Data Load (Daily) (trigger: cron[hour='12', minute='11'], next run at: 2026-01-22 12:11:00 IST)" (scheduled at 2026-01-22 12:11:00+05:30)
2026-01-22 12:11:00,001 — INFO — Step 1: Loading data started...
2026-01-22 12:11:00,008 — INFO — Data load started...
2026-01-22 12:12:11,230 — INFO — ✅ Step 1 completed: Data loaded and saved to /home/root495/Inexture/nfl-sport-prediction/backend/data/input/nfl_using_nflreadpy.csv.
2026-01-22 12:12:11,230 — INFO — ⏰ Scheduling Step 2 to run in 5 minutes...
2026-01-22 12:12:11,246 — INFO — Added job "Step 2: Data Cleaning (Triggered)" to job store "default"
2026-01-22 12:12:11,247 — INFO — ✅ Step 2 scheduled to run at 2026-01-22 12:17:11.230772
2026-01-22 12:12:11,248 — INFO — Job "Step 1: Data Load (Daily) (trigger: cron[hour='12', minute='11'], next run at: 2026-01-23 12:11:00 IST)" executed successfully
2026-01-22 12:17:11,231 — INFO — Removed job step2_data_cleaning_triggered
2026-01-22 12:17:11,231 — INFO — Running job "Step 2: Data Cleaning (Triggered) (trigger: date[2026-01-22 12:17:11 IST], next run at: 2026-01-22 12:17:11 IST)" (scheduled at 2026-01-22 12:17:11.230772+05:30)
2026-01-22 12:17:11,232 — INFO — Step 2: Data cleaning started...
2026-01-22 12:17:27,413 — INFO — Data cleaning started...
2026-01-22 12:17:27,413 — INFO — Aggregate match features started...
2026-01-22 12:17:30,453 — INFO — Aggregate categorical features started...
2026-01-22 12:18:04,826 — INFO — Aggregate positive and negative features started...
2026-01-22 12:18:37,232 — INFO — Filter game stats started...
2026-01-22 12:18:37,302 — INFO — Remove columns started...
2026-01-22 12:18:37,304 — INFO — Normalize yards features started...
2026-01-22 12:18:37,775 — INFO — ✅ Step 2 completed: Cleaned data saved to /home/root495/Inexture/nfl-sport-prediction/backend/data/input/step2_nfl_cleaned_data.csv.
2026-01-22 12:18:37,776 — INFO — ⏰ Scheduling Step 3 to run in 5 minutes...
2026-01-22 12:18:37,776 — INFO — Added job "Step 3: Feature Engineering (Triggered)" to job store "default"
2026-01-22 12:18:37,776 — INFO — ✅ Step 3 scheduled to run at 2026-01-22 12:23:37.776277
2026-01-22 12:18:37,830 — INFO — Job "Step 2: Data Cleaning (Triggered) (trigger: date[2026-01-22 12:17:11 IST], next run at: 2026-01-22 12:17:11 IST)" executed successfully
2026-01-22 12:23:37,776 — INFO — Removed job step3_feature_engineering_triggered
2026-01-22 12:23:37,776 — INFO — Running job "Step 3: Feature Engineering (Triggered) (trigger: date[2026-01-22 12:23:37 IST], next run at: 2026-01-22 12:23:37 IST)" (scheduled at 2026-01-22 12:23:37.776277+05:30)
2026-01-22 12:23:37,777 — INFO — Step 3: Feature engineering started...
2026-01-22 12:23:37,852 — INFO — Add previous match results started...
2026-01-22 12:23:37,854 — INFO — Add historical win percentage started...
2026-01-22 12:23:37,900 — INFO — Add PF/PA by season started...
2026-01-22 12:23:38,846 — INFO — Add home/away team average scores before started...
2026-01-22 12:23:39,410 — INFO — Add league average score before started...
2026-01-22 12:23:40,020 — INFO — Add home/away team average stat before started...
2026-01-22 12:23:42,541 — INFO — Add league average stat before started...
2026-01-22 12:23:44,934 — INFO — Remove draws started...
2026-01-22 12:23:44,934 — INFO — Add last 5 matches stats started...
2026-01-22 12:23:51,760 — INFO — Add glicko features started...
2026-01-22 12:23:53,339 — INFO — Add previous features started...
2026-01-22 12:23:55,100 — INFO — Add last 5 head to head win ratio of teams started...
2026-01-22 12:24:12,080 — INFO — ✅ Step 3 completed: Feature-engineered data saved to /home/root495/Inexture/nfl-sport-prediction/backend/data/input/step3_nfl_processed_data.csv.
2026-01-22 12:24:12,080 — INFO — ℹ️  Skipping Step 4 & 5 (Training) - Moving to Match Results Update
2026-01-22 12:24:12,080 — INFO — ⏰ Scheduling Step 7 to run in 5 minutes...
2026-01-22 12:24:12,080 — INFO — Added job "Step 7: Update Match Results (Triggered)" to job store "default"
2026-01-22 12:24:12,081 — INFO — ✅ Step 7 scheduled to run at 2026-01-22 12:29:12.080555
2026-01-22 12:24:12,082 — INFO — Job "Step 3: Feature Engineering (Triggered) (trigger: date[2026-01-22 12:23:37 IST], next run at: 2026-01-22 12:23:37 IST)" executed successfully
2026-01-22 12:29:12,080 — INFO — Removed job step7_update_match_results_triggered
2026-01-22 12:29:12,080 — INFO — Running job "Step 7: Update Match Results (Triggered) (trigger: date[2026-01-22 12:29:12 IST], next run at: 2026-01-22 12:29:12 IST)" (scheduled at 2026-01-22 12:29:12.080555+05:30)
2026-01-22 12:29:12,081 — INFO — Step 7: Updating match results started...
2026-01-22 12:29:12,081 — INFO — Starting match results update...
2026-01-22 12:29:12,081 — INFO — Connected to database: /home/root495/Inexture/nfl-sport-prediction/backend/data/database/nfl_predictions.db
2026-01-22 12:29:12,082 — INFO — Checking week 1 of 2026...
2026-01-22 12:29:12,082 — INFO — Checking week 2 of 2026...
2026-01-22 12:29:12,082 — INFO — Checking week 3 of 2026...
2026-01-22 12:29:12,082 — INFO — Checking week 4 of 2026...
2026-01-22 12:29:12,083 — INFO — Checking week 5 of 2026...
2026-01-22 12:29:12,083 — INFO — Checking week 6 of 2026...
2026-01-22 12:29:12,083 — INFO — Checking week 7 of 2026...
2026-01-22 12:29:12,083 — INFO — Checking week 8 of 2026...
2026-01-22 12:29:12,083 — INFO — Checking week 9 of 2026...
2026-01-22 12:29:12,084 — INFO — Checking week 10 of 2026...
2026-01-22 12:29:12,084 — INFO — Checking week 11 of 2026...
2026-01-22 12:29:12,084 — INFO — Checking week 12 of 2026...
2026-01-22 12:29:12,084 — INFO — Checking week 13 of 2026...
2026-01-22 12:29:12,084 — INFO — Checking week 14 of 2026...
2026-01-22 12:29:12,085 — INFO — Checking week 15 of 2026...
2026-01-22 12:29:12,085 — INFO — Checking week 16 of 2026...
2026-01-22 12:29:12,085 — INFO — Checking week 17 of 2026...
2026-01-22 12:29:12,085 — INFO — Checking week 18 of 2026...
2026-01-22 12:29:12,085 — INFO — Checking week 19 of 2026...
2026-01-22 12:29:12,086 — INFO — Checking week 20 of 2026...
2026-01-22 12:29:12,086 — INFO — Checking week 21 of 2026...
2026-01-22 12:29:12,086 — INFO — ✅ Match results update completed. Updated: 0, Skipped: 0, Errors: 0
2026-01-22 12:29:12,086 — INFO — 📊 Calculating prediction accuracy for previous weeks...
2026-01-22 12:29:12,086 — INFO — No completed games found for accuracy calculation
2026-01-22 12:29:12,086 — INFO — ✅ Step 7 completed: Match results updated.
2026-01-22 12:29:12,086 — INFO — ⏰ Scheduling Step 8 to run in 5 minutes...
2026-01-22 12:29:12,087 — INFO — Added job "Step 8: Update Future Predictions (Triggered)" to job store "default"
2026-01-22 12:29:12,087 — INFO — ✅ Step 8 scheduled to run at 2026-01-22 12:34:12.087081
2026-01-22 12:29:12,087 — INFO — Job "Step 7: Update Match Results (Triggered) (trigger: date[2026-01-22 12:29:12 IST], next run at: 2026-01-22 12:29:12 IST)" executed successfully
2026-01-22 12:34:12,087 — INFO — Removed job step8_update_future_predictions_triggered
2026-01-22 12:34:12,087 — INFO — Running job "Step 8: Update Future Predictions (Triggered) (trigger: date[2026-01-22 12:34:12 IST], next run at: 2026-01-22 12:34:12 IST)" (scheduled at 2026-01-22 12:34:12.087081+05:30)
2026-01-22 12:34:12,088 — INFO — Step 8: Updating future predictions started...
2026-01-22 12:34:12,088 — INFO — Starting future predictions update...
2026-01-22 12:34:12,088 — INFO — Loading model and encoders...
2026-01-22 12:34:12,165 — INFO — Model and encoders loaded successfully
2026-01-22 12:34:12,165 — INFO — Model and encoders loaded successfully
2026-01-22 12:34:12,165 — INFO — Connected to database: /home/root495/Inexture/nfl-sport-prediction/backend/data/database/nfl_predictions.db
2026-01-22 12:34:12,165 — INFO — Fetching all predictions from database...
2026-01-22 12:34:12,167 — INFO — Found 568 predictions in database
2026-01-22 12:37:21,207 — ERROR — Error fetching live data for game 401671740: HTTPConnectionPool(host='sports.core.api.espn.com', port=80): Read timed out. (read timeout=10)
2026-01-22 12:37:21,208 — WARNING — ⚠️ Could not parse game date '' for game 401671740: time data '' does not match format '%Y-%m-%d'. Skipping.
2026-01-22 12:38:18,692 — ERROR — Error fetching live data for game 401671680: HTTPConnectionPool(host='sports.core.api.espn.com', port=80): Read timed out. (read timeout=10)
2026-01-22 12:38:18,693 — WARNING — ⚠️ Could not parse game date '' for game 401671680: time data '' does not match format '%Y-%m-%d'. Skipping.
2026-01-22 12:54:51,117 — ERROR — Error fetching live data for game 401772931: HTTPConnectionPool(host='sports.core.api.espn.com', port=80): Read timed out. (read timeout=10)
2026-01-22 12:54:51,117 — WARNING — ⚠️ Could not parse game date '' for game 401772931: time data '' does not match format '%Y-%m-%d'. Skipping.
2026-01-22 12:57:43,573 — INFO — Updating prediction for game 401772986 (scheduled for 2026-01-25)...
2026-01-22 12:57:45,893 — INFO — ✅ Updated prediction for game 401772986: Home=0.558, Away=0.442, Winner=DEN
2026-01-22 12:57:48,086 — INFO — Updating prediction for game 401772987 (scheduled for 2026-01-25)...
2026-01-22 12:57:50,311 — INFO — ✅ Updated prediction for game 401772987: Home=0.552, Away=0.448, Winner=SEA
2026-01-22 12:58:22,054 — INFO — ✅ Future predictions update completed. Updated: 2, Skipped: 566, Errors: 0
2026-01-22 12:58:22,055 — INFO — ✅ Step 8 completed: Future predictions updated.
2026-01-22 12:58:22,055 — INFO — ✅ Daily inference pipeline cycle completed. Next cycle will run next day at 11:45 AM.
2026-01-22 12:58:22,055 — INFO — Job "Step 8: Update Future Predictions (Triggered) (trigger: date[2026-01-22 12:34:12 IST], next run at: 2026-01-22 12:34:12 IST)" executed successfully
2026-01-22 14:08:09,310 — INFO — ⚠️  Received SIGINT signal. Shutting down inference scheduler...
2026-01-22 14:08:09,310 — INFO — Scheduler has been shut down
2026-01-22 14:08:09,311 — INFO — ✅ Scheduler shutdown completed.
2026-01-22 14:08:09,311 — INFO — 👋 Exiting...
2026-01-27 14:12:58,666 — INFO — Adding job tentatively -- it will be properly scheduled when the scheduler starts
2026-01-27 14:12:58,666 — INFO — Adding job tentatively -- it will be properly scheduled when the scheduler starts
2026-01-27 14:12:58,667 — INFO — ======================================================================
2026-01-27 14:12:58,667 — INFO — 🚀 Starting NFL Sports Prediction INFERENCE Scheduler...
2026-01-27 14:12:58,667 — INFO — ℹ️  Running in PREDICTION-ONLY mode (No Model Training)
2026-01-27 14:12:58,667 — INFO — 📝 Logs will be written to: /home/root495/Inexture/nfl-sport-prediction/backend/logs/scheduler_inference.log
2026-01-27 14:12:58,667 — INFO — ======================================================================
2026-01-27 14:12:58,667 — INFO — ⏳ Scheduler started. Pipeline runs weekly on Wednesday at 12:00 AM with 5-minute intervals between each step.
2026-01-27 14:12:58,667 — INFO — 📅 Predictions for entire year will be generated annually on August 1st at 12:00 AM.
2026-01-27 14:12:58,667 — INFO — 🔄 Match results will be updated after Step 5 completes (or after Step 6 on August 1st).
2026-01-27 14:12:58,667 — INFO — 🔮 Future predictions will be updated 5 minutes after Step 7 completes.
2026-01-27 14:12:58,668 — INFO — 🔄 Inference Scheduler is running. Press Ctrl+C to stop gracefully.
2026-01-27 14:12:58,668 — INFO — 🔄 Starting scheduler...
2026-01-27 14:12:58,668 — INFO — Added job "Step 1: Data Load (Daily)" to job store "default"
2026-01-27 14:12:58,668 — INFO — Added job "Step 6: Generate Weekly Predictions (August 1st)" to job store "default"
2026-01-27 14:12:58,668 — INFO — Scheduler started
2026-01-27 14:12:58,669 — INFO — ✅ Inference Scheduler started successfully!
2026-01-27 14:12:58,669 — INFO — 🔄 Scheduler is running. Press Ctrl+C to stop the scheduler...
2026-01-27 14:12:58,669 — INFO — 📊 Waiting for scheduled jobs to execute...
2026-01-27 14:12:58,669 — INFO — 🔄 Entering infinite loop to keep scheduler alive...
2026-01-27 14:13:00,001 — INFO — Running job "Step 1: Data Load (Daily) (trigger: cron[hour='14', minute='13'], next run at: 2026-01-27 14:13:00 IST)" (scheduled at 2026-01-27 14:13:00+05:30)
2026-01-27 14:13:00,001 — INFO — Step 1: Loading data started...
2026-01-27 14:13:00,002 — INFO — Data load started...
2026-01-27 14:14:15,532 — INFO — ✅ Step 1 completed: Data loaded and saved to /home/root495/Inexture/nfl-sport-prediction/backend/data/input/nfl_using_nflreadpy.csv.
2026-01-27 14:14:15,532 — INFO — ⏰ Scheduling Step 2 to run in 5 minutes...
2026-01-27 14:14:15,536 — INFO — Added job "Step 2: Data Cleaning (Triggered)" to job store "default"
2026-01-27 14:14:15,536 — INFO — ✅ Step 2 scheduled to run at 2026-01-27 14:19:15.533067
2026-01-27 14:14:15,538 — INFO — Job "Step 1: Data Load (Daily) (trigger: cron[hour='14', minute='13'], next run at: 2026-01-28 14:13:00 IST)" executed successfully
2026-01-27 14:19:15,533 — INFO — Removed job step2_data_cleaning_triggered
2026-01-27 14:19:15,533 — INFO — Running job "Step 2: Data Cleaning (Triggered) (trigger: date[2026-01-27 14:19:15 IST], next run at: 2026-01-27 14:19:15 IST)" (scheduled at 2026-01-27 14:19:15.533067+05:30)
2026-01-27 14:19:15,533 — INFO — Step 2: Data cleaning started...
2026-01-27 14:19:32,000 — INFO — Data cleaning started...
2026-01-27 14:19:32,000 — INFO — Aggregate match features started...
2026-01-27 14:19:36,670 — INFO — Aggregate categorical features started...
2026-01-27 14:20:14,589 — INFO — Aggregate positive and negative features started...
2026-01-27 14:20:46,280 — INFO — Filter game stats started...
2026-01-27 14:20:46,352 — INFO — Remove columns started...
2026-01-27 14:20:46,355 — INFO — Normalize yards features started...
2026-01-27 14:20:46,756 — INFO — ✅ Step 2 completed: Cleaned data saved to /home/root495/Inexture/nfl-sport-prediction/backend/data/input/step2_nfl_cleaned_data.csv.
2026-01-27 14:20:46,756 — INFO — ⏰ Scheduling Step 3 to run in 5 minutes...
2026-01-27 14:20:46,756 — INFO — Added job "Step 3: Feature Engineering (Triggered)" to job store "default"
2026-01-27 14:20:46,757 — INFO — ✅ Step 3 scheduled to run at 2026-01-27 14:25:46.756483
2026-01-27 14:20:46,811 — INFO — Job "Step 2: Data Cleaning (Triggered) (trigger: date[2026-01-27 14:19:15 IST], next run at: 2026-01-27 14:19:15 IST)" executed successfully
2026-01-27 14:25:46,756 — INFO — Removed job step3_feature_engineering_triggered
2026-01-27 14:25:46,756 — INFO — Running job "Step 3: Feature Engineering (Triggered) (trigger: date[2026-01-27 14:25:46 IST], next run at: 2026-01-27 14:25:46 IST)" (scheduled at 2026-01-27 14:25:46.756483+05:30)
2026-01-27 14:25:46,757 — INFO — Step 3: Feature engineering started...
2026-01-27 14:25:46,824 — INFO — Add previous match results started...
2026-01-27 14:25:46,825 — INFO — Add historical win percentage started...
2026-01-27 14:25:46,871 — INFO — Add PF/PA by season started...
2026-01-27 14:25:47,915 — INFO — Add home/away team average scores before started...
2026-01-27 14:25:48,431 — INFO — Add league average score before started...
2026-01-27 14:25:48,931 — INFO — Add home/away team average stat before started...
2026-01-27 14:25:50,849 — INFO — Add league average stat before started...
2026-01-27 14:25:52,668 — INFO — Remove draws started...
2026-01-27 14:25:52,668 — INFO — Add last 5 matches stats started...
2026-01-27 14:25:58,954 — INFO — Add glicko features started...
2026-01-27 14:25:59,708 — INFO — Add previous features started...
2026-01-27 14:26:00,559 — INFO — Add last 5 head to head win ratio of teams started...
2026-01-27 14:26:09,186 — INFO — ✅ Step 3 completed: Feature-engineered data saved to /home/root495/Inexture/nfl-sport-prediction/backend/data/input/step3_nfl_processed_data.csv.
2026-01-27 14:26:09,186 — INFO — ℹ️  Skipping Step 4 & 5 (Training) - Moving to Match Results Update
2026-01-27 14:26:09,187 — INFO — ⏰ Scheduling Step 7 to run in 5 minutes...
2026-01-27 14:26:09,187 — INFO — Added job "Step 7: Update Match Results (Triggered)" to job store "default"
2026-01-27 14:26:09,187 — INFO — ✅ Step 7 scheduled to run at 2026-01-27 14:31:09.187159
2026-01-27 14:26:09,188 — INFO — Job "Step 3: Feature Engineering (Triggered) (trigger: date[2026-01-27 14:25:46 IST], next run at: 2026-01-27 14:25:46 IST)" executed successfully
2026-01-27 14:31:09,187 — INFO — Removed job step7_update_match_results_triggered
2026-01-27 14:31:09,187 — INFO — Running job "Step 7: Update Match Results (Triggered) (trigger: date[2026-01-27 14:31:09 IST], next run at: 2026-01-27 14:31:09 IST)" (scheduled at 2026-01-27 14:31:09.187159+05:30)
2026-01-27 14:31:09,188 — INFO — Step 7: Updating match results started...
2026-01-27 14:31:09,188 — INFO — Starting match results update...
2026-01-27 14:31:09,188 — INFO — Connected to database: /home/root495/Inexture/nfl-sport-prediction/backend/data/database/nfl_predictions.db
2026-01-27 14:31:09,188 — INFO — Checking week 1 of 2026...
2026-01-27 14:31:09,189 — INFO — Checking week 2 of 2026...
2026-01-27 14:31:09,189 — INFO — Checking week 3 of 2026...
2026-01-27 14:31:09,189 — INFO — Checking week 4 of 2026...
2026-01-27 14:31:09,189 — INFO — Checking week 5 of 2026...
2026-01-27 14:31:09,189 — INFO — Checking week 6 of 2026...
2026-01-27 14:31:09,190 — INFO — Checking week 7 of 2026...
2026-01-27 14:31:09,190 — INFO — Checking week 8 of 2026...
2026-01-27 14:31:09,190 — INFO — Checking week 9 of 2026...
2026-01-27 14:31:09,190 — INFO — Checking week 10 of 2026...
2026-01-27 14:31:09,190 — INFO — Checking week 11 of 2026...
2026-01-27 14:31:09,190 — INFO — Checking week 12 of 2026...
2026-01-27 14:31:09,190 — INFO — Checking week 13 of 2026...
2026-01-27 14:31:09,191 — INFO — Checking week 14 of 2026...
2026-01-27 14:31:09,191 — INFO — Checking week 15 of 2026...
2026-01-27 14:31:09,191 — INFO — Checking week 16 of 2026...
2026-01-27 14:31:09,191 — INFO — Checking week 17 of 2026...
2026-01-27 14:31:09,191 — INFO — Checking week 18 of 2026...
2026-01-27 14:31:09,191 — INFO — Checking week 19 of 2026...
2026-01-27 14:31:09,191 — INFO — Checking week 20 of 2026...
2026-01-27 14:31:09,192 — INFO — Checking week 21 of 2026...
2026-01-27 14:31:09,192 — INFO — ✅ Match results update completed. Updated: 0, Skipped: 0, Errors: 0
2026-01-27 14:31:09,192 — INFO — 📊 Calculating prediction accuracy for previous weeks...
2026-01-27 14:31:09,192 — INFO — No completed games found for accuracy calculation
2026-01-27 14:31:09,192 — INFO — ✅ Step 7 completed: Match results updated.
2026-01-27 14:31:09,192 — INFO — ⏰ Scheduling Step 8 to run in 5 minutes...
2026-01-27 14:31:09,193 — INFO — Added job "Step 8: Update Future Predictions (Triggered)" to job store "default"
2026-01-27 14:31:09,193 — INFO — ✅ Step 8 scheduled to run at 2026-01-27 14:36:09.192940
2026-01-27 14:31:09,193 — INFO — Job "Step 7: Update Match Results (Triggered) (trigger: date[2026-01-27 14:31:09 IST], next run at: 2026-01-27 14:31:09 IST)" executed successfully
2026-01-27 14:36:09,193 — INFO — Removed job step8_update_future_predictions_triggered
2026-01-27 14:36:09,193 — INFO — Running job "Step 8: Update Future Predictions (Triggered) (trigger: date[2026-01-27 14:36:09 IST], next run at: 2026-01-27 14:36:09 IST)" (scheduled at 2026-01-27 14:36:09.192940+05:30)
2026-01-27 14:36:09,193 — INFO — Step 8: Updating future predictions started...
2026-01-27 14:36:09,193 — INFO — Starting future predictions update...
2026-01-27 14:36:09,194 — INFO — Loading model and encoders...
2026-01-27 14:36:09,270 — INFO — Model and encoders loaded successfully
2026-01-27 14:36:09,271 — INFO — Model and encoders loaded successfully
2026-01-27 14:36:09,271 — INFO — Connected to database: /home/root495/Inexture/nfl-sport-prediction/backend/data/database/nfl_predictions.db
2026-01-27 14:36:09,271 — INFO — Fetching all predictions from database...
2026-01-27 14:36:09,273 — INFO — Found 568 predictions in database
2026-01-27 14:38:30,227 — ERROR — Error fetching live data for game 401671808: HTTPConnectionPool(host='sports.core.api.espn.com', port=80): Read timed out. (read timeout=10)
2026-01-27 14:38:30,227 — WARNING — ⚠️ Could not parse game date '' for game 401671808: time data '' does not match format '%Y-%m-%d'. Skipping.
2026-01-27 14:47:34,494 — ERROR — Error fetching live data for game 401671833: HTTPConnectionPool(host='sports.core.api.espn.com', port=80): Read timed out. (read timeout=10)
2026-01-27 14:47:34,494 — WARNING — ⚠️ Could not parse game date '' for game 401671833: time data '' does not match format '%Y-%m-%d'. Skipping.
2026-01-27 14:52:34,508 — ERROR — Error fetching live data for game 401772923: HTTPConnectionPool(host='sports.core.api.espn.com', port=80): Read timed out. (read timeout=10)
2026-01-27 14:52:34,508 — WARNING — ⚠️ Could not parse game date '' for game 401772923: time data '' does not match format '%Y-%m-%d'. Skipping.
2026-01-27 14:53:42,189 — ERROR — Error fetching live data for game 401772866: HTTPConnectionPool(host='sports.core.api.espn.com', port=80): Read timed out. (read timeout=10)
2026-01-27 14:53:42,189 — WARNING — ⚠️ Could not parse game date '' for game 401772866: time data '' does not match format '%Y-%m-%d'. Skipping.
2026-01-27 15:00:13,017 — INFO — ✅ Future predictions update completed. Updated: 0, Skipped: 568, Errors: 0
2026-01-27 15:00:13,018 — INFO — ✅ Step 8 completed: Future predictions updated.
2026-01-27 15:00:13,018 — INFO — ✅ Daily inference pipeline cycle completed. Next cycle will run next day at 11:45 AM.
2026-01-27 15:00:13,018 — INFO — Job "Step 8: Update Future Predictions (Triggered) (trigger: date[2026-01-27 14:36:09 IST], next run at: 2026-01-27 14:36:09 IST)" executed successfully
2026-01-27 19:25:40,707 — INFO — ⚠️  Received SIGTERM signal. Shutting down inference scheduler...
2026-01-27 19:25:40,715 — INFO — Scheduler has been shut down
2026-01-27 19:25:40,716 — INFO — ✅ Scheduler shutdown completed.
2026-01-27 19:25:40,716 — INFO — 👋 Exiting...
# sys_sync_35ed57bf
# sys_sync_1af473f
